<?xml version="1.0" encoding="UTF-8"?>
<!-- Generated by org.testng.reporters.JUnitReportReporter -->
<testsuite hostname="lt-inblr167" name="com.automation.NewTours.testcases.RegisterLinkTest" tests="1" failures="0" timestamp="9 Mar 2016 14:28:59 GMT" time="3.225" errors="0">
  <testcase name="testLogin" time="3.225" classname="com.automation.NewTours.testcases.RegisterLinkTest"/>
</testsuite> <!-- com.automation.NewTours.testcases.RegisterLinkTest -->
