<?xml version="1.0" encoding="UTF-8"?>
<!-- Generated by org.testng.reporters.JUnitReportReporter -->
<testsuite hostname="lt-inblr167" name="com.automation.NewTours.Apps.DriverApp" tests="1" failures="0" timestamp="21 Mar 2016 12:08:46 GMT" time="49.391" errors="0">
  <testcase name="testApp" time="49.391" classname="com.automation.NewTours.Apps.DriverApp"/>
</testsuite> <!-- com.automation.NewTours.Apps.DriverApp -->
